TCGA-BR-8058	SCNAL
TCGA-FP-7998	EBV
TCGA-BR-8592	SCNAL
TCGA-BR-8590	SCNAL
TCGA-D7-6818	CIN
TCGA-BR-7723	CIN
TCGA-BR-4255	CIN
TCGA-D7-6815	CIN
TCGA-BR-8295	CIN
TCGA-D7-6817	CIN
TCGA-BR-8297	CIN
TCGA-BR-8291	CIN
TCGA-HU-8608	EBV
TCGA-FP-A4BF	CIN
TCGA-BR-6801	SCNAL
TCGA-BR-8367	SCNAL
TCGA-BR-8677	SCNAL
TCGA-HF-7136	CIN
TCGA-EQ-5647	CIN
TCGA-CG-5717	SCNAL
TCGA-HU-8604	CIN
TCGA-HF-7133	CIN
TCGA-EQ-8122	CIN
TCGA-CG-4438	CIN
TCGA-FP-8099	CIN
TCGA-CG-4436	CIN
TCGA-CG-5720	SCNAL
TCGA-CG-5722	EBV
TCGA-CG-5724	CIN
TCGA-CG-5727	SCNAL
TCGA-D7-8575	CIN
TCGA-D7-5577	EBV
TCGA-CD-A4MH	CIN
TCGA-CG-4455	CIN
TCGA-D7-5579	CIN
TCGA-D7-5578	CIN
TCGA-BR-A4CS	CIN
TCGA-BR-A4CR	CIN
TCGA-BR-A4CQ	CIN
TCGA-BR-8289	CIN
TCGA-IN-8663	CIN
TCGA-BR-8286	CIN
TCGA-BR-4253	EBV
TCGA-BR-7957	SCNAL
TCGA-BR-8683	CIN
TCGA-BR-8682	CIN
TCGA-BR-7958	EBV
TCGA-BR-7959	CIN
TCGA-BR-8687	CIN
TCGA-BR-8686	EBV
TCGA-CD-8530	CIN
TCGA-CD-8531	SCNAL
TCGA-D7-6525	CIN
TCGA-D7-6524	SCNAL
TCGA-D7-6527	CIN
TCGA-D7-6526	CIN
TCGA-D7-6521	CIN
TCGA-D7-6520	CIN
TCGA-D7-6522	SCNAL
TCGA-BR-A4QI	CIN
TCGA-HU-8610	CIN
TCGA-CD-5799	CIN
TCGA-CD-5798	SCNAL
TCGA-CG-4449	CIN
TCGA-CD-8532	SCNAL
TCGA-CG-4444	CIN
TCGA-CG-4443	CIN
TCGA-CG-4441	CIN
TCGA-CG-4440	CIN
TCGA-CD-5813	SCNAL
TCGA-CD-A487	CIN
TCGA-BR-6453	SCNAL
TCGA-BR-6454	CIN
TCGA-BR-6455	EBV
TCGA-BR-4366	CIN
TCGA-BR-6457	SCNAL
TCGA-BR-4369	CIN
TCGA-CD-A489	CIN
TCGA-BR-8296	CIN
TCGA-CD-8528	CIN
TCGA-CD-8525	CIN
TCGA-CD-8524	CIN
TCGA-CD-8527	CIN
TCGA-CD-8526	CIN
TCGA-BR-7196	EBV
TCGA-BR-7197	CIN
TCGA-FP-8210	SCNAL
TCGA-FP-8211	CIN
TCGA-HU-8249	CIN
TCGA-FP-7916	EBV
TCGA-BR-6803	SCNAL
TCGA-HU-8243	CIN
TCGA-HU-8245	CIN
TCGA-BR-A4PF	CIN
TCGA-CD-5804	CIN
TCGA-BR-A4PD	CIN
TCGA-BR-A4PE	CIN
TCGA-CG-4476	CIN
TCGA-CG-4477	CIN
TCGA-CG-4474	SCNAL
TCGA-CD-5802	CIN
TCGA-D7-A4YT	CIN
TCGA-D7-A4YU	CIN
TCGA-BR-4371	SCNAL
TCGA-BR-4279	SCNAL
TCGA-CD-5803	SCNAL
TCGA-CG-4475	CIN
TCGA-D7-A4YX	EBV
TCGA-CD-A48A	CIN
TCGA-CD-A48C	CIN
TCGA-BR-8690	CIN
TCGA-EQ-A4SO	CIN
TCGA-BR-A4IU	SCNAL
TCGA-BR-A4IV	SCNAL
TCGA-BR-A4IY	CIN
TCGA-BR-A4IZ	SCNAL
TCGA-BR-8365	CIN
TCGA-CG-4466	CIN
TCGA-CG-4462	SCNAL
TCGA-CG-5718	CIN
TCGA-CG-5719	CIN
TCGA-IN-7808	CIN
TCGA-BR-6564	CIN
TCGA-BR-6565	CIN
TCGA-BR-4267	CIN
TCGA-BR-6563	SCNAL
TCGA-BR-A4QM	SCNAL
TCGA-FP-7829	CIN
TCGA-HU-A4HD	CIN
TCGA-BR-8384	SCNAL
TCGA-BR-8380	SCNAL
TCGA-BR-8381	EBV
TCGA-HU-A4H5	CIN
TCGA-BR-8678	CIN
TCGA-BR-8679	CIN
TCGA-BR-7722	SCNAL
TCGA-CD-8534	CIN
TCGA-F1-6875	CIN
TCGA-HU-A4H2	CIN
TCGA-BR-8483	CIN
TCGA-D7-6822	CIN
TCGA-BR-8676	EBV
TCGA-BR-8484	CIN
TCGA-BR-4357	CIN
TCGA-BR-8486	CIN
TCGA-BR-8080	CIN
TCGA-BR-8369	CIN
TCGA-BR-8364	SCNAL
TCGA-FP-8209	SCNAL
TCGA-BR-8366	EBV
TCGA-BR-7717	CIN
TCGA-CG-4300	CIN
TCGA-CG-4301	CIN
TCGA-BR-8362	SCNAL
TCGA-BR-4183	CIN
TCGA-D7-6820	CIN
TCGA-BR-A453	SCNAL
TCGA-BR-A452	CIN
TCGA-BR-4188	SCNAL
TCGA-D7-A4Z0	SCNAL
TCGA-BR-7715	CIN
TCGA-BR-8485	CIN
TCGA-CD-A486	CIN
TCGA-BR-4187	SCNAL
TCGA-IP-7968	CIN
TCGA-HU-A4GY	SCNAL
TCGA-BR-6456	CIN
TCGA-HU-A4GP	CIN
TCGA-BR-4367	CIN
TCGA-BR-7901	CIN
TCGA-BR-6705	SCNAL
TCGA-BR-6706	EBV
TCGA-HU-A4H6	CIN
TCGA-IN-7806	CIN
TCGA-IN-8462	CIN
TCGA-HU-A4GC	CIN
TCGA-BR-8373	CIN
TCGA-BR-8371	SCNAL
TCGA-HU-A4H0	EBV
TCGA-BR-4191	CIN
TCGA-HU-A4GD	CIN
TCGA-D7-8570	EBV
TCGA-D7-8572	SCNAL
TCGA-D7-8573	EBV
TCGA-D7-8574	SCNAL
TCGA-HU-A4GF	CIN
TCGA-D7-8576	CIN
TCGA-D7-8578	CIN
TCGA-D7-8579	SCNAL
TCGA-BR-8370	SCNAL
TCGA-BR-4294	CIN
TCGA-FP-7735	CIN
TCGA-BR-6707	EBV
TCGA-D7-6518	CIN
TCGA-D7-6519	CIN
TCGA-BR-A4J8	CIN
TCGA-CG-4304	CIN
TCGA-BR-8077	CIN
TCGA-BR-A44T	SCNAL
TCGA-CD-8535	CIN
TCGA-BR-6710	SCNAL
TCGA-BR-8588	SCNAL
TCGA-BR-A4J1	CIN
TCGA-BR-A4J2	SCNAL
TCGA-BR-A44U	CIN
TCGA-BR-A4J4	EBV
TCGA-BR-A4J6	SCNAL
TCGA-BR-A4J7	SCNAL
TCGA-CD-5800	CIN
TCGA-HU-A4G2	EBV
TCGA-HU-A4G3	SCNAL
TCGA-HU-A4G6	EBV
TCGA-FP-8631	CIN
TCGA-BR-7716	CIN
TCGA-CG-5734	SCNAL
TCGA-CG-5732	CIN
TCGA-CG-5730	CIN